{"uid":"ff61bee1836196a5","name":"Setup 2FA pincode with invalid token","fullName":"tests.api.auth.SetTwoFaTest.setup2faPinCodeWithInvalidToken","historyId":"4ee449796fd1585a7ad16f97e4e99062","time":{"start":1748440089139,"stop":1748440090879,"duration":1740},"description":"","status":"failed","statusMessage":"1 expectation failed.\nExpected status code <201> but was <400>.\n","statusTrace":"java.lang.AssertionError: 1 expectation failed.\nExpected status code <201> but was <400>.\n\r\n\tat java.base/jdk.internal.reflect.DirectConstructorHandleAccessor.newInstance(DirectConstructorHandleAccessor.java:62)\r\n\tat java.base/java.lang.reflect.Constructor.newInstanceWithCaller(Constructor.java:502)\r\n\tat java.base/java.lang.reflect.Constructor.newInstance(Constructor.java:486)\r\n\tat org.codehaus.groovy.reflection.CachedConstructor.invoke(CachedConstructor.java:73)\r\n\tat org.codehaus.groovy.runtime.callsite.ConstructorSite$ConstructorSiteNoUnwrapNoCoerce.callConstructor(ConstructorSite.java:108)\r\n\tat org.codehaus.groovy.runtime.callsite.AbstractCallSite.callConstructor(AbstractCallSite.java:277)\r\n\tat io.restassured.internal.ResponseSpecificationImpl$HamcrestAssertionClosure.validate(ResponseSpecificationImpl.groovy:512)\r\n\tat io.restassured.internal.ResponseSpecificationImpl$HamcrestAssertionClosure$validate$1.call(Unknown Source)\r\n\tat io.restassured.internal.ResponseSpecificationImpl.validateResponseIfRequired(ResponseSpecificationImpl.groovy:696)\r\n\tat io.restassured.internal.ResponseSpecificationImpl.this$2$validateResponseIfRequired(ResponseSpecificationImpl.groovy)\r\n\tat java.base/jdk.internal.reflect.DirectMethodHandleAccessor.invoke(DirectMethodHandleAccessor.java:103)\r\n\tat java.base/java.lang.reflect.Method.invoke(Method.java:580)\r\n\tat org.codehaus.groovy.runtime.callsite.PlainObjectMetaMethodSite.doInvoke(PlainObjectMetaMethodSite.java:43)\r\n\tat org.codehaus.groovy.runtime.callsite.PogoMetaMethodSite$PogoCachedMethodSiteNoUnwrapNoCoerce.invoke(PogoMetaMethodSite.java:198)\r\n\tat org.codehaus.groovy.runtime.callsite.PogoMetaMethodSite.callCurrent(PogoMetaMethodSite.java:62)\r\n\tat org.codehaus.groovy.runtime.callsite.AbstractCallSite.callCurrent(AbstractCallSite.java:185)\r\n\tat io.restassured.internal.ResponseSpecificationImpl.statusCode(ResponseSpecificationImpl.groovy:135)\r\n\tat io.restassured.specification.ResponseSpecification$statusCode$0.callCurrent(Unknown Source)\r\n\tat io.restassured.internal.ResponseSpecificationImpl.statusCode(ResponseSpecificationImpl.groovy:143)\r\n\tat io.restassured.internal.ValidatableResponseOptionsImpl.statusCode(ValidatableResponseOptionsImpl.java:89)\r\n\tat tests.api.auth.SetTwoFaTest.setup2faPinCodeWithInvalidToken(SetTwoFaTest.java:67)\r\n\tat java.base/java.lang.reflect.Method.invoke(Method.java:580)\r\n\tat java.base/java.util.ArrayList.forEach(ArrayList.java:1596)\r\n\tat java.base/java.util.ArrayList.forEach(ArrayList.java:1596)\r\n","flaky":false,"newFailed":false,"newBroken":false,"newPassed":false,"retriesCount":0,"retriesStatusChange":false,"beforeStages":[],"testStage":{"description":"","status":"failed","statusMessage":"1 expectation failed.\nExpected status code <201> but was <400>.\n","statusTrace":"java.lang.AssertionError: 1 expectation failed.\nExpected status code <201> but was <400>.\n\r\n\tat java.base/jdk.internal.reflect.DirectConstructorHandleAccessor.newInstance(DirectConstructorHandleAccessor.java:62)\r\n\tat java.base/java.lang.reflect.Constructor.newInstanceWithCaller(Constructor.java:502)\r\n\tat java.base/java.lang.reflect.Constructor.newInstance(Constructor.java:486)\r\n\tat org.codehaus.groovy.reflection.CachedConstructor.invoke(CachedConstructor.java:73)\r\n\tat org.codehaus.groovy.runtime.callsite.ConstructorSite$ConstructorSiteNoUnwrapNoCoerce.callConstructor(ConstructorSite.java:108)\r\n\tat org.codehaus.groovy.runtime.callsite.AbstractCallSite.callConstructor(AbstractCallSite.java:277)\r\n\tat io.restassured.internal.ResponseSpecificationImpl$HamcrestAssertionClosure.validate(ResponseSpecificationImpl.groovy:512)\r\n\tat io.restassured.internal.ResponseSpecificationImpl$HamcrestAssertionClosure$validate$1.call(Unknown Source)\r\n\tat io.restassured.internal.ResponseSpecificationImpl.validateResponseIfRequired(ResponseSpecificationImpl.groovy:696)\r\n\tat io.restassured.internal.ResponseSpecificationImpl.this$2$validateResponseIfRequired(ResponseSpecificationImpl.groovy)\r\n\tat java.base/jdk.internal.reflect.DirectMethodHandleAccessor.invoke(DirectMethodHandleAccessor.java:103)\r\n\tat java.base/java.lang.reflect.Method.invoke(Method.java:580)\r\n\tat org.codehaus.groovy.runtime.callsite.PlainObjectMetaMethodSite.doInvoke(PlainObjectMetaMethodSite.java:43)\r\n\tat org.codehaus.groovy.runtime.callsite.PogoMetaMethodSite$PogoCachedMethodSiteNoUnwrapNoCoerce.invoke(PogoMetaMethodSite.java:198)\r\n\tat org.codehaus.groovy.runtime.callsite.PogoMetaMethodSite.callCurrent(PogoMetaMethodSite.java:62)\r\n\tat org.codehaus.groovy.runtime.callsite.AbstractCallSite.callCurrent(AbstractCallSite.java:185)\r\n\tat io.restassured.internal.ResponseSpecificationImpl.statusCode(ResponseSpecificationImpl.groovy:135)\r\n\tat io.restassured.specification.ResponseSpecification$statusCode$0.callCurrent(Unknown Source)\r\n\tat io.restassured.internal.ResponseSpecificationImpl.statusCode(ResponseSpecificationImpl.groovy:143)\r\n\tat io.restassured.internal.ValidatableResponseOptionsImpl.statusCode(ValidatableResponseOptionsImpl.java:89)\r\n\tat tests.api.auth.SetTwoFaTest.setup2faPinCodeWithInvalidToken(SetTwoFaTest.java:67)\r\n\tat java.base/java.lang.reflect.Method.invoke(Method.java:580)\r\n\tat java.base/java.util.ArrayList.forEach(ArrayList.java:1596)\r\n\tat java.base/java.util.ArrayList.forEach(ArrayList.java:1596)\r\n","steps":[{"name":"Register without verification","time":{"start":1748440089261,"stop":1748440090600,"duration":1339},"status":"passed","steps":[{"name":"Регистрация нового пользователя","time":{"start":1748440089261,"stop":1748440090600,"duration":1339},"status":"passed","steps":[],"attachments":[{"uid":"f9626940f27fd2c4","name":"Request","source":"f9626940f27fd2c4.html","type":"text/html","size":2606},{"uid":"ec90ba3c3af87d5b","name":"Response","source":"ec90ba3c3af87d5b.html","type":"text/html","size":5231}],"parameters":[{"name":"userData","value":"RegisterJson[email=nam.abernathy@gmail.com, password=Password[password=password1!, encodePassword=$argon2id$v=19$m=15360,t=2,p=1$RZUxSFxlFpRFrigBzXtJ1oy+O0flZz14tA1ZbmRpGX1ueCXRsSvAOgLvYY97zYCnu/l1DvmRhkiEuMpMb+31ow$PeChu6PwZg2ctzrs9y+Ya5qTsOlAl5o1AHfPbuwuk0Q, hash=Argon2Function[salt=`�̴nx�d�\u00021!�[\u001C\u0001�͸/�f����k|�}��h����R��7b��&�΅�\u0000��\u0006�I��2���, pepper=null, hash=$argon2id$v=19$m=15360,t=2,p=1$YLPMtG54jGT8AjEhzlscAcnNuC/oZvaLv9drfOx9/rNow9z02FL8xDdi7uamJoHOhe0A2vG6lQbWSYSlMpGOrg$4WXkxwW3Tch9afy47bamGk98XZ0MQJtTi9E3ynT1PVc]], lang=en]"},{"name":"recaptcha","value":"null"}],"attachmentStep":false,"stepsCount":0,"shouldDisplayMessage":false,"attachmentsCount":2,"hasContent":true}],"attachments":[],"parameters":[],"attachmentStep":false,"stepsCount":1,"shouldDisplayMessage":false,"attachmentsCount":2,"hasContent":true},{"name":"Send POST /api/v1/auth/email/verify request","time":{"start":1748440090600,"stop":1748440090876,"duration":276},"status":"passed","steps":[],"attachments":[],"parameters":[{"name":"code","value":"100000"},{"name":"authorization","value":"Bearer eyJhbGciOiJIUzI1NiIsInR5cCI6IkpXVCJ9.eyJpZCI6Ijc5ZTNkMTNiLWM0MDUtNGQ0Ni1iNDQ1LWZjMDY3NzNlNjdjNiIsImF1dGhLZXkiOiJSQU5ET00tU1RSSU5HIiwic3ViIjoiNzllM2QxM2ItYzQwNS00ZDQ2LWI0NDUtZmMwNjc3M2U2N2M2IiwiaWF0IjoxNzQ4NDQwMDkwLCJleHAiOjE3NDk2NDk2OTB9.i2dNunx1eWelO_nj1Qsc8YZnaJ7tmRNqkab8pywZQUc"}],"attachmentStep":false,"stepsCount":0,"shouldDisplayMessage":false,"attachmentsCount":0,"hasContent":true}],"attachments":[],"parameters":[],"attachmentStep":false,"stepsCount":3,"shouldDisplayMessage":true,"attachmentsCount":2,"hasContent":true},"afterStages":[],"labels":[{"name":"junit.platform.uniqueid","value":"[engine:junit-jupiter]/[class:tests.api.auth.SetTwoFaTest]/[method:setup2faPinCodeWithInvalidToken()]"},{"name":"story","value":"Register"},{"name":"feature","value":"POST api/v1/auth/2fa"},{"name":"epic","value":"User management"},{"name":"host","value":"DESKTOP-QA5VAH7"},{"name":"thread","value":"9648@DESKTOP-QA5VAH7.Test worker(1)"},{"name":"framework","value":"junit-platform"},{"name":"language","value":"java"},{"name":"package","value":"tests.api.auth.SetTwoFaTest"},{"name":"testClass","value":"tests.api.auth.SetTwoFaTest"},{"name":"testMethod","value":"setup2faPinCodeWithInvalidToken"},{"name":"suite","value":"POST POST api/v1/auth/2fa test"},{"name":"resultFormat","value":"allure2"}],"parameters":[],"links":[{"name":"FWD-T99","type":"tms"}],"hidden":false,"retry":false,"extra":{"severity":"normal","retries":[],"categories":[{"name":"Product defects","matchedStatuses":[],"flaky":false}],"tags":[]},"source":"ff61bee1836196a5.json","parameterValues":[]}